<?xml version="1.0" encoding="UTF-8"?>
<!-- Generated by org.testng.reporters.JUnitReportReporter -->
<testsuite hostname="LAPTOP-HUB3DN2R" failures="0" tests="3" name="com.novoproso.testCases.AboutUsPagesTest" time="10.096" errors="0" timestamp="2024-07-18T19:44:59 IST" skipped="0">
  <testcase classname="com.novoproso.testCases.AboutUsPagesTest" name="hoverClickCsrLinkTest" time="3.852"/>
  <testcase classname="com.novoproso.testCases.AboutUsPagesTest" name="hoverClickLocalSportsLinkTest" time="2.737"/>
  <testcase classname="com.novoproso.testCases.AboutUsPagesTest" name="clickStartNowButtonTest" time="3.507"/>
</testsuite> <!-- com.novoproso.testCases.AboutUsPagesTest -->
