<?xml version="1.0" encoding="UTF-8"?>
<!-- Generated by org.testng.reporters.JUnitReportReporter -->
<testsuite hostname="LAPTOP-HUB3DN2R" failures="0" tests="2" name="com.novoproso.testCases.contactDataDrivenTest" time="6.843" errors="0" timestamp="2024-07-19T12:39:07 IST" skipped="0">
  <testcase classname="com.novoproso.testCases.contactDataDrivenTest" name="clickStartNowButtonTest" time="3.795"/>
  <testcase classname="com.novoproso.testCases.contactDataDrivenTest" name="contactFormTest" time="3.048"/>
</testsuite> <!-- com.novoproso.testCases.contactDataDrivenTest -->
