<?xml version="1.0" encoding="UTF-8"?>
<!-- Generated by org.testng.reporters.JUnitReportReporter -->
<testsuite hostname="LAPTOP-HUB3DN2R" failures="0" tests="2" name="com.novoproso.testCases.AboutUsPagesTest" time="3.886" errors="0" timestamp="2024-07-21T15:02:43 IST" skipped="0">
  <testcase classname="com.novoproso.testCases.AboutUsPagesTest" name="hoverClickLocalSportsLinkTest" time="1.595"/>
  <testcase classname="com.novoproso.testCases.AboutUsPagesTest" name="hoverClickCsrLinkTest" time="2.291"/>
</testsuite> <!-- com.novoproso.testCases.AboutUsPagesTest -->
