<?xml version="1.0" encoding="UTF-8"?>
<!-- Generated by org.testng.reporters.JUnitReportReporter -->
<testsuite hostname="LAPTOP-HUB3DN2R" failures="0" tests="2" name="com.novoproso.testCases.FooterTest" time="29.709" errors="0" timestamp="2024-07-18T17:04:31 IST" skipped="0">
  <testcase classname="com.novoproso.testCases.FooterTest" name="clickStartNowButtonTest" time="6.491"/>
  <testcase classname="com.novoproso.testCases.FooterTest" name="footerTest" time="23.218"/>
</testsuite> <!-- com.novoproso.testCases.FooterTest -->
