<?xml version="1.0" encoding="UTF-8"?>
<!-- Generated by org.testng.reporters.JUnitReportReporter -->
<testsuite hostname="LAPTOP-HUB3DN2R" failures="0" tests="10" name="com.novoproso.testCases.ServicesPagesTest" time="39.355" errors="0" timestamp="2024-07-18T19:44:59 IST" skipped="0">
  <testcase classname="com.novoproso.testCases.ServicesPagesTest" name="clickStartNowButtonTest" time="3.082"/>
  <testcase classname="com.novoproso.testCases.ServicesPagesTest" name="hoverClickHRALinkTest" time="3.571"/>
  <testcase classname="com.novoproso.testCases.ServicesPagesTest" name="hoverClickITStaffLinkTest" time="3.613"/>
  <testcase classname="com.novoproso.testCases.ServicesPagesTest" name="hoverClickITPMLinkTest" time="3.668"/>
  <testcase classname="com.novoproso.testCases.ServicesPagesTest" name="hoverClickNetworkLinkTest" time="4.533"/>
  <testcase classname="com.novoproso.testCases.ServicesPagesTest" name="hoverClickAILinkTest" time="5.790"/>
  <testcase classname="com.novoproso.testCases.ServicesPagesTest" name="hoverClickCloudLinkTest" time="3.650"/>
  <testcase classname="com.novoproso.testCases.ServicesPagesTest" name="hoverClickIdeaLinkTest" time="4.180"/>
  <testcase classname="com.novoproso.testCases.ServicesPagesTest" name="hoverClickSDLinkTest" time="3.723"/>
  <testcase classname="com.novoproso.testCases.ServicesPagesTest" name="hoverClickBigDataLinkTest" time="3.545"/>
</testsuite> <!-- com.novoproso.testCases.ServicesPagesTest -->
