<?xml version="1.0" encoding="UTF-8"?>
<!-- Generated by org.testng.reporters.JUnitReportReporter -->
<testsuite hostname="LAPTOP-HUB3DN2R" failures="0" tests="13" name="com.novoproso.testCases.navBarLinksMobileViewTest" time="14.390" errors="0" timestamp="2024-07-21T15:02:43 IST" skipped="0">
  <testcase classname="com.novoproso.testCases.navBarLinksMobileViewTest" name="hoverClickIdeaLinkTest" time="1.222"/>
  <testcase classname="com.novoproso.testCases.navBarLinksMobileViewTest" name="hoverClickCsrLinkTest" time="1.803"/>
  <testcase classname="com.novoproso.testCases.navBarLinksMobileViewTest" name="hoverClickHRALinkTest" time="0.675"/>
  <testcase classname="com.novoproso.testCases.navBarLinksMobileViewTest" name="hoverClickNetworkLinkTest" time="0.670"/>
  <testcase classname="com.novoproso.testCases.navBarLinksMobileViewTest" name="hoverClickCloudLinkTest" time="0.680"/>
  <testcase classname="com.novoproso.testCases.navBarLinksMobileViewTest" name="hoverClickBigDataLinkTest" time="0.652"/>
  <testcase classname="com.novoproso.testCases.navBarLinksMobileViewTest" name="hoverClickSDLinkTest" time="0.671"/>
  <testcase classname="com.novoproso.testCases.navBarLinksMobileViewTest" name="hoverClickAILinkTest" time="1.563"/>
  <testcase classname="com.novoproso.testCases.navBarLinksMobileViewTest" name="hoverClickBDIngensionLinkTest" time="0.642"/>
  <testcase classname="com.novoproso.testCases.navBarLinksMobileViewTest" name="hoverClickITPMLinkTest" time="1.119"/>
  <testcase classname="com.novoproso.testCases.navBarLinksMobileViewTest" name="hoverClickLocalSportsLinkTest" time="2.298"/>
  <testcase classname="com.novoproso.testCases.navBarLinksMobileViewTest" name="hoverClickITStaffLinkTest" time="1.131"/>
  <testcase classname="com.novoproso.testCases.navBarLinksMobileViewTest" name="hoverClickDANLinkTest" time="1.264"/>
</testsuite> <!-- com.novoproso.testCases.navBarLinksMobileViewTest -->
