<?xml version="1.0" encoding="UTF-8"?>
<!-- Generated by org.testng.reporters.JUnitReportReporter -->
<testsuite hostname="LAPTOP-HUB3DN2R" failures="0" tests="2" name="com.novoproso.testCases.FooterTest" time="35.951" errors="0" timestamp="2024-07-21T15:02:43 IST" skipped="0">
  <testcase classname="com.novoproso.testCases.FooterTest" name="clickStartNowButtonTest" time="7.445"/>
  <testcase classname="com.novoproso.testCases.FooterTest" name="footerTest" time="28.506"/>
</testsuite> <!-- com.novoproso.testCases.FooterTest -->
