<?xml version="1.0" encoding="UTF-8"?>
<!-- Generated by org.testng.reporters.JUnitReportReporter -->
<testsuite hostname="LAPTOP-HUB3DN2R" failures="0" tests="5" name="com.novoproso.testCases.HomePageMobileViewTest" time="52.752" errors="0" timestamp="2024-07-21T15:02:43 IST" skipped="0">
  <testcase classname="com.novoproso.testCases.HomePageMobileViewTest" name="aboutUsSectionTest" time="1.107"/>
  <testcase classname="com.novoproso.testCases.HomePageMobileViewTest" name="productsSectionTest" time="6.379"/>
  <testcase classname="com.novoproso.testCases.HomePageMobileViewTest" name="servicesSectionTest" time="18.641"/>
  <testcase classname="com.novoproso.testCases.HomePageMobileViewTest" name="careersSectionTest" time="13.928"/>
  <testcase classname="com.novoproso.testCases.HomePageMobileViewTest" name="contactSectionTest" time="12.697"/>
</testsuite> <!-- com.novoproso.testCases.HomePageMobileViewTest -->
