<?xml version="1.0" encoding="UTF-8"?>
<!-- Generated by org.testng.reporters.JUnitReportReporter -->
<testsuite hostname="LAPTOP-HUB3DN2R" failures="0" tests="3" name="com.novoproso.testCases.ProductsPagesTest" time="10.290" errors="0" timestamp="2024-07-19T12:39:07 IST" skipped="0">
  <testcase classname="com.novoproso.testCases.ProductsPagesTest" name="hoverClickBDIngensionLinkTest" time="3.578"/>
  <testcase classname="com.novoproso.testCases.ProductsPagesTest" name="hoverClickDANLinkTest" time="3.054"/>
  <testcase classname="com.novoproso.testCases.ProductsPagesTest" name="clickStartNowButtonTest" time="3.658"/>
</testsuite> <!-- com.novoproso.testCases.ProductsPagesTest -->
