<?xml version="1.0" encoding="UTF-8"?>
<!-- Generated by org.testng.reporters.JUnitReportReporter -->
<testsuite hostname="LAPTOP-HUB3DN2R" failures="0" tests="8" name="com.novoproso.testCases.ClickStartNowTest" time="24.796" errors="0" timestamp="2024-07-21T15:02:43 IST" skipped="0">
  <testcase classname="com.novoproso.testCases.ClickStartNowTest" name="clickStartNowButtonTest" time="3.069"/>
  <testcase classname="com.novoproso.testCases.ClickStartNowTest" name="clickStartNowButtonTest" time="2.923"/>
  <testcase classname="com.novoproso.testCases.ClickStartNowTest" name="clickStartNowButtonTest" time="2.956"/>
  <testcase classname="com.novoproso.testCases.ClickStartNowTest" name="clickStartNowButtonMobileViewTest" time="3.463"/>
  <testcase classname="com.novoproso.testCases.ClickStartNowTest" name="clickStartNowButtonTest" time="2.974"/>
  <testcase classname="com.novoproso.testCases.ClickStartNowTest" name="clickStartNowButtonTest" time="2.966"/>
  <testcase classname="com.novoproso.testCases.ClickStartNowTest" name="clickStartNowButtonTest" time="2.907"/>
  <testcase classname="com.novoproso.testCases.ClickStartNowTest" name="clickStartNowButtonMobileViewTest" time="3.538"/>
</testsuite> <!-- com.novoproso.testCases.ClickStartNowTest -->
