<?xml version="1.0" encoding="UTF-8"?>
<!-- Generated by org.testng.reporters.JUnitReportReporter -->
<testsuite hostname="LAPTOP-HUB3DN2R" failures="0" tests="36" name="com.novoproso.testCases.navBarLinksTest" time="62.818" errors="0" timestamp="2024-07-19T12:39:07 IST" skipped="0">
  <testcase classname="com.novoproso.testCases.navBarLinksTest" name="clickStartNowButtonTest" time="3.786"/>
  <testcase classname="com.novoproso.testCases.navBarLinksTest" name="clickContactLinkTest" time="0.330"/>
  <testcase classname="com.novoproso.testCases.navBarLinksTest" name="clickStartNowButtonTest" time="3.610"/>
  <testcase classname="com.novoproso.testCases.navBarLinksTest" name="hoverServicesLinkTest" time="0.842"/>
  <testcase classname="com.novoproso.testCases.navBarLinksTest" name="hoverClickITPMLinkTest" time="1.830"/>
  <testcase classname="com.novoproso.testCases.navBarLinksTest" name="hoverClickBDIngensionLinkTest" time="1.541"/>
  <testcase classname="com.novoproso.testCases.navBarLinksTest" name="clickContactLinkTest" time="0.366"/>
  <testcase classname="com.novoproso.testCases.navBarLinksTest" name="clickAboutUsLinkTest" time="0.386"/>
  <testcase classname="com.novoproso.testCases.navBarLinksTest" name="clickStartNowButtonTest" time="4.499"/>
  <testcase classname="com.novoproso.testCases.navBarLinksTest" name="hoverClickITStaffLinkTest" time="1.577"/>
  <testcase classname="com.novoproso.testCases.navBarLinksTest" name="clickStartNowButtonTest" time="3.758"/>
  <testcase classname="com.novoproso.testCases.navBarLinksTest" name="hoverClickHRALinkTest" time="1.858"/>
  <testcase classname="com.novoproso.testCases.navBarLinksTest" name="clickServicesLinkTest" time="0.394"/>
  <testcase classname="com.novoproso.testCases.navBarLinksTest" name="clickStartNowButtonTest" time="4.556"/>
  <testcase classname="com.novoproso.testCases.navBarLinksTest" name="hoverClickLocalSportsLinkTest" time="1.650"/>
  <testcase classname="com.novoproso.testCases.navBarLinksTest" name="clickServicesLinkTest" time="0.277"/>
  <testcase classname="com.novoproso.testCases.navBarLinksTest" name="hoverClickIdeaLinkTest" time="1.599"/>
  <testcase classname="com.novoproso.testCases.navBarLinksTest" name="clickStartNowButtonTest" time="3.779"/>
  <testcase classname="com.novoproso.testCases.navBarLinksTest" name="clickStartNowButtonTest" time="3.804"/>
  <testcase classname="com.novoproso.testCases.navBarLinksTest" name="hoverClickDANLinkTest" time="1.455"/>
  <testcase classname="com.novoproso.testCases.navBarLinksTest" name="hoverClickBigDataLinkTest" time="1.980"/>
  <testcase classname="com.novoproso.testCases.navBarLinksTest" name="hoverClickNetworkLinkTest" time="1.865"/>
  <testcase classname="com.novoproso.testCases.navBarLinksTest" name="hoverProductsLinkTest" time="0.824"/>
  <testcase classname="com.novoproso.testCases.navBarLinksTest" name="clickStartNowButtonTest" time="3.614"/>
  <testcase classname="com.novoproso.testCases.navBarLinksTest" name="hoverAboutUsLinkTest" time="0.919"/>
  <testcase classname="com.novoproso.testCases.navBarLinksTest" name="clickHomeLinkTest" time="0.225"/>
  <testcase classname="com.novoproso.testCases.navBarLinksTest" name="hoverClickCsrLinkTest" time="1.554"/>
  <testcase classname="com.novoproso.testCases.navBarLinksTest" name="clickAboutUsLinkTest" time="0.260"/>
  <testcase classname="com.novoproso.testCases.navBarLinksTest" name="hoverClickSDLinkTest" time="1.426"/>
  <testcase classname="com.novoproso.testCases.navBarLinksTest" name="hoverClickCloudLinkTest" time="1.728"/>
  <testcase classname="com.novoproso.testCases.navBarLinksTest" name="clickProductsLinkTest" time="0.248"/>
  <testcase classname="com.novoproso.testCases.navBarLinksTest" name="clickStartNowButtonTest" time="3.824"/>
  <testcase classname="com.novoproso.testCases.navBarLinksTest" name="hoverClickAILinkTest" time="1.465"/>
  <testcase classname="com.novoproso.testCases.navBarLinksTest" name="clickCareersLinkTest" time="0.288"/>
  <testcase classname="com.novoproso.testCases.navBarLinksTest" name="clickProductsLinkTest" time="0.349"/>
  <testcase classname="com.novoproso.testCases.navBarLinksTest" name="clickCareersLinkTest" time="0.352"/>
</testsuite> <!-- com.novoproso.testCases.navBarLinksTest -->
