<?xml version="1.0" encoding="UTF-8"?>
<!-- Generated by org.testng.reporters.JUnitReportReporter -->
<testsuite hostname="LAPTOP-HUB3DN2R" failures="0" tests="6" name="com.novoproso.testCases.homePageTest" time="64.703" errors="0" timestamp="2024-07-19T12:39:07 IST" skipped="0">
  <testcase classname="com.novoproso.testCases.homePageTest" name="servicesSectionTest" time="23.732"/>
  <testcase classname="com.novoproso.testCases.homePageTest" name="aboutUsSectionTest" time="0.773"/>
  <testcase classname="com.novoproso.testCases.homePageTest" name="productsSectionTest" time="6.111"/>
  <testcase classname="com.novoproso.testCases.homePageTest" name="clickStartNowButtonTest" time="4.041"/>
  <testcase classname="com.novoproso.testCases.homePageTest" name="contactSectionTest" time="11.832"/>
  <testcase classname="com.novoproso.testCases.homePageTest" name="careersSectionTest" time="18.214"/>
</testsuite> <!-- com.novoproso.testCases.homePageTest -->
