<?xml version="1.0" encoding="UTF-8"?>
<!-- Generated by org.testng.reporters.JUnitReportReporter -->
<testsuite hostname="LAPTOP-HUB3DN2R" failures="0" tests="6" name="com.novoproso.testCases.homePageTest" time="56.385" errors="0" timestamp="2024-07-18T10:28:50 IST" skipped="0">
  <testcase classname="com.novoproso.testCases.homePageTest" name="aboutUsSectionTest" time="1.198"/>
  <testcase classname="com.novoproso.testCases.homePageTest" name="servicesSectionTest" time="20.967"/>
  <testcase classname="com.novoproso.testCases.homePageTest" name="contactSectionTest" time="11.814"/>
  <testcase classname="com.novoproso.testCases.homePageTest" name="clickStartNowButtonTest" time="1.908"/>
  <testcase classname="com.novoproso.testCases.homePageTest" name="productsSectionTest" time="6.060"/>
  <testcase classname="com.novoproso.testCases.homePageTest" name="careersSectionTest" time="14.438"/>
</testsuite> <!-- com.novoproso.testCases.homePageTest -->
