<?xml version="1.0" encoding="UTF-8"?>
<!-- Generated by org.testng.reporters.JUnitReportReporter -->
<testsuite hostname="LAPTOP-HUB3DN2R" failures="0" tests="3" name="com.novoproso.testCases.ProductsPagesTest" time="13.243" errors="0" timestamp="2024-07-18T19:44:59 IST" skipped="0">
  <testcase classname="com.novoproso.testCases.ProductsPagesTest" name="clickStartNowButtonTest" time="2.925"/>
  <testcase classname="com.novoproso.testCases.ProductsPagesTest" name="hoverClickDANLinkTest" time="3.768"/>
  <testcase classname="com.novoproso.testCases.ProductsPagesTest" name="hoverClickBDIngensionLinkTest" time="6.550"/>
</testsuite> <!-- com.novoproso.testCases.ProductsPagesTest -->
