<?xml version="1.0" encoding="UTF-8"?>
<!-- Generated by org.testng.reporters.JUnitReportReporter -->
<testsuite hostname="LAPTOP-HUB3DN2R" failures="0" tests="3" name="com.novoproso.testCases.AboutUsPagesTest" time="9.419" errors="0" timestamp="2024-07-19T12:39:07 IST" skipped="0">
  <testcase classname="com.novoproso.testCases.AboutUsPagesTest" name="hoverClickLocalSportsLinkTest" time="3.111"/>
  <testcase classname="com.novoproso.testCases.AboutUsPagesTest" name="hoverClickCsrLinkTest" time="3.225"/>
  <testcase classname="com.novoproso.testCases.AboutUsPagesTest" name="clickStartNowButtonTest" time="3.083"/>
</testsuite> <!-- com.novoproso.testCases.AboutUsPagesTest -->
