<?xml version="1.0" encoding="UTF-8"?>
<!-- Generated by org.testng.reporters.JUnitReportReporter -->
<testsuite hostname="LAPTOP-HUB3DN2R" failures="0" tests="1" name="com.novoproso.testCases.CloseCookieTest" time="0.468" errors="0" timestamp="2024-07-20T20:30:12 IST" skipped="0">
  <testcase classname="com.novoproso.testCases.CloseCookieTest" name="closeCookieTest" time="0.468"/>
</testsuite> <!-- com.novoproso.testCases.CloseCookieTest -->
