<?xml version="1.0" encoding="UTF-8"?>
<!-- Generated by org.testng.reporters.JUnitReportReporter -->
<testsuite hostname="LAPTOP-HUB3DN2R" failures="0" tests="2" name="com.novoproso.testCases.ProductsPagesTest" time="5.228" errors="0" timestamp="2024-07-21T15:02:43 IST" skipped="0">
  <testcase classname="com.novoproso.testCases.ProductsPagesTest" name="hoverClickBDIngensionLinkTest" time="2.947"/>
  <testcase classname="com.novoproso.testCases.ProductsPagesTest" name="hoverClickDANLinkTest" time="2.281"/>
</testsuite> <!-- com.novoproso.testCases.ProductsPagesTest -->
