<?xml version="1.0" encoding="UTF-8"?>
<!-- Generated by org.testng.reporters.JUnitReportReporter -->
<testsuite hostname="LAPTOP-HUB3DN2R" failures="0" tests="5" name="com.novoproso.testCases.HomePageTest" time="45.307" errors="0" timestamp="2024-07-21T15:02:43 IST" skipped="0">
  <testcase classname="com.novoproso.testCases.HomePageTest" name="aboutUsSectionTest" time="0.571"/>
  <testcase classname="com.novoproso.testCases.HomePageTest" name="productsSectionTest" time="4.880"/>
  <testcase classname="com.novoproso.testCases.HomePageTest" name="servicesSectionTest" time="18.120"/>
  <testcase classname="com.novoproso.testCases.HomePageTest" name="careersSectionTest" time="12.494"/>
  <testcase classname="com.novoproso.testCases.HomePageTest" name="contactSectionTest" time="9.242"/>
</testsuite> <!-- com.novoproso.testCases.HomePageTest -->
