<?xml version="1.0" encoding="UTF-8"?>
<!-- Generated by org.testng.reporters.JUnitReportReporter -->
<testsuite hostname="LAPTOP-HUB3DN2R" failures="0" tests="5" name="com.novoproso.testCases.homePageTest" time="50.810" errors="0" timestamp="2024-07-18T01:37:49 IST" skipped="0">
  <testcase classname="com.novoproso.testCases.homePageTest" name="aboutUsSectionTest" time="0.890"/>
  <testcase classname="com.novoproso.testCases.homePageTest" name="servicesSectionTest" time="24.427"/>
  <testcase classname="com.novoproso.testCases.homePageTest" name="clickStartNowButtonTest" time="1.179"/>
  <testcase classname="com.novoproso.testCases.homePageTest" name="careersSectionTest" time="17.956"/>
  <testcase classname="com.novoproso.testCases.homePageTest" name="productsSectionTest" time="6.358"/>
</testsuite> <!-- com.novoproso.testCases.homePageTest -->
