<?xml version="1.0" encoding="UTF-8"?>
<!-- Generated by org.testng.reporters.JUnitReportReporter -->
<testsuite hostname="LAPTOP-HUB3DN2R" failures="0" tests="9" name="com.novoproso.testCases.ServicesPagesTest" time="22.253" errors="0" timestamp="2024-07-21T15:02:43 IST" skipped="0">
  <testcase classname="com.novoproso.testCases.ServicesPagesTest" name="hoverClickCloudLinkTest" time="2.311"/>
  <testcase classname="com.novoproso.testCases.ServicesPagesTest" name="hoverClickITStaffLinkTest" time="2.401"/>
  <testcase classname="com.novoproso.testCases.ServicesPagesTest" name="hoverClickHRALinkTest" time="2.218"/>
  <testcase classname="com.novoproso.testCases.ServicesPagesTest" name="hoverClickBigDataLinkTest" time="2.361"/>
  <testcase classname="com.novoproso.testCases.ServicesPagesTest" name="hoverClickIdeaLinkTest" time="2.236"/>
  <testcase classname="com.novoproso.testCases.ServicesPagesTest" name="hoverClickAILinkTest" time="3.355"/>
  <testcase classname="com.novoproso.testCases.ServicesPagesTest" name="hoverClickITPMLinkTest" time="2.231"/>
  <testcase classname="com.novoproso.testCases.ServicesPagesTest" name="hoverClickSDLinkTest" time="2.272"/>
  <testcase classname="com.novoproso.testCases.ServicesPagesTest" name="hoverClickNetworkLinkTest" time="2.868"/>
</testsuite> <!-- com.novoproso.testCases.ServicesPagesTest -->
