<?xml version="1.0" encoding="UTF-8"?>
<!-- Generated by org.testng.reporters.JUnitReportReporter -->
<testsuite hostname="LAPTOP-HUB3DN2R" failures="0" tests="10" name="com.novoproso.testCases.ServicesPagesTest" time="40.852" errors="0" timestamp="2024-07-19T12:39:07 IST" skipped="0">
  <testcase classname="com.novoproso.testCases.ServicesPagesTest" name="hoverClickCloudLinkTest" time="3.982"/>
  <testcase classname="com.novoproso.testCases.ServicesPagesTest" name="hoverClickNetworkLinkTest" time="3.848"/>
  <testcase classname="com.novoproso.testCases.ServicesPagesTest" name="hoverClickSDLinkTest" time="4.905"/>
  <testcase classname="com.novoproso.testCases.ServicesPagesTest" name="hoverClickHRALinkTest" time="4.185"/>
  <testcase classname="com.novoproso.testCases.ServicesPagesTest" name="hoverClickAILinkTest" time="3.717"/>
  <testcase classname="com.novoproso.testCases.ServicesPagesTest" name="hoverClickITPMLinkTest" time="4.080"/>
  <testcase classname="com.novoproso.testCases.ServicesPagesTest" name="hoverClickBigDataLinkTest" time="4.200"/>
  <testcase classname="com.novoproso.testCases.ServicesPagesTest" name="hoverClickITStaffLinkTest" time="3.822"/>
  <testcase classname="com.novoproso.testCases.ServicesPagesTest" name="clickStartNowButtonTest" time="3.366"/>
  <testcase classname="com.novoproso.testCases.ServicesPagesTest" name="hoverClickIdeaLinkTest" time="4.747"/>
</testsuite> <!-- com.novoproso.testCases.ServicesPagesTest -->
