<?xml version="1.0" encoding="UTF-8"?>
<!-- Generated by org.testng.reporters.JUnitReportReporter -->
<testsuite hostname="LAPTOP-HUB3DN2R" failures="0" tests="1" name="com.novoproso.testCases.contactDataDrivenTest" time="2.692" errors="0" timestamp="2024-07-21T15:02:43 IST" skipped="0">
  <testcase classname="com.novoproso.testCases.contactDataDrivenTest" name="contactFormTest" time="2.692"/>
</testsuite> <!-- com.novoproso.testCases.contactDataDrivenTest -->
