<?xml version="1.0" encoding="UTF-8"?>
<!-- Generated by org.testng.reporters.JUnitReportReporter -->
<testsuite hostname="LAPTOP-HUB3DN2R" failures="0" tests="2" name="com.novoproso.testCases.FooterTest" time="39.846" errors="0" timestamp="2024-07-19T12:39:07 IST" skipped="0">
  <testcase classname="com.novoproso.testCases.FooterTest" name="clickStartNowButtonTest" time="7.260"/>
  <testcase classname="com.novoproso.testCases.FooterTest" name="footerTest" time="32.586"/>
</testsuite> <!-- com.novoproso.testCases.FooterTest -->
